Using pre-set license
Built from '2021.3/staging' branch; Version is '2021.3.3f1 (af2e63e8f9bd) revision 11480675'; Using compiler version '192829333'; Build Type 'Release'
OS: 'Windows 11  (10.0.22631) 64bit Core' Language: 'en' Physical Memory: 23788 MB
BatchMode: 1, IsHumanControllingUs: 0, StartBugReporterOnCrash: 0, Is64bit: 1, IsPro: 1

COMMAND LINE ARGUMENTS:
C:\Program Files\Unity\Hub\Editor\2021.3.3f1\Editor\Unity.exe
-adb2
-batchMode
-noUpm
-name
AssetImportWorker2
-projectPath
C:/Users/hairb/OneDrive/Documents/Unity Projects/Smog City
-logFile
Logs/AssetImportWorker2.log
-srvPort
54964
Successfully changed project path to: C:/Users/hairb/OneDrive/Documents/Unity Projects/Smog City
C:/Users/hairb/OneDrive/Documents/Unity Projects/Smog City
[UnityMemory] Configuration Parameters - Can be set up in boot.config
    "memorysetup-bucket-allocator-granularity=16"
    "memorysetup-bucket-allocator-bucket-count=8"
    "memorysetup-bucket-allocator-block-size=33554432"
    "memorysetup-bucket-allocator-block-count=8"
    "memorysetup-main-allocator-block-size=16777216"
    "memorysetup-thread-allocator-block-size=16777216"
    "memorysetup-gfx-main-allocator-block-size=16777216"
    "memorysetup-gfx-thread-allocator-block-size=16777216"
    "memorysetup-cache-allocator-block-size=4194304"
    "memorysetup-typetree-allocator-block-size=2097152"
    "memorysetup-profiler-bucket-allocator-granularity=16"
    "memorysetup-profiler-bucket-allocator-bucket-count=8"
    "memorysetup-profiler-bucket-allocator-block-size=33554432"
    "memorysetup-profiler-bucket-allocator-block-count=8"
    "memorysetup-profiler-allocator-block-size=16777216"
    "memorysetup-profiler-editor-allocator-block-size=1048576"
    "memorysetup-temp-allocator-size-main=16777216"
    "memorysetup-job-temp-allocator-block-size=2097152"
    "memorysetup-job-temp-allocator-block-size-background=1048576"
    "memorysetup-job-temp-allocator-reduction-small-platforms=262144"
    "memorysetup-temp-allocator-size-background-worker=32768"
    "memorysetup-temp-allocator-size-job-worker=262144"
    "memorysetup-temp-allocator-size-preload-manager=33554432"
    "memorysetup-temp-allocator-size-nav-mesh-worker=65536"
    "memorysetup-temp-allocator-size-audio-worker=65536"
    "memorysetup-temp-allocator-size-cloud-worker=32768"
    "memorysetup-temp-allocator-size-gi-baking-worker=262144"
    "memorysetup-temp-allocator-size-gfx=262144"
Refreshing native plugins compatible for Editor in 129.62 ms, found 4 plugins.
Preloading 0 native plugins for Editor in 0.00 ms.
Initialize engine version: 2021.3.3f1 (af2e63e8f9bd)
[Subsystems] Discovering subsystems at path C:/Program Files/Unity/Hub/Editor/2021.3.3f1/Editor/Data/Resources/UnitySubsystems
[Subsystems] Discovering subsystems at path C:/Users/hairb/OneDrive/Documents/Unity Projects/Smog City/Assets
GfxDevice: creating device client; threaded=0; jobified=0
Direct3D:
    Version:  Direct3D 11.0 [level 11.1]
    Renderer: AMD Radeon RX 6700S (ID=0x73ef)
    Vendor:   ATI
    VRAM:     8146 MB
    Driver:   31.0.22023.1014
Initialize mono
Mono path[0] = 'C:/Program Files/Unity/Hub/Editor/2021.3.3f1/Editor/Data/Managed'
Mono path[1] = 'C:/Program Files/Unity/Hub/Editor/2021.3.3f1/Editor/Data/MonoBleedingEdge/lib/mono/unityjit-win32'
Mono config path = 'C:/Program Files/Unity/Hub/Editor/2021.3.3f1/Editor/Data/MonoBleedingEdge/etc'
Using monoOptions --debugger-agent=transport=dt_socket,embedding=1,server=y,suspend=n,address=127.0.0.1:56876
Begin MonoManager ReloadAssembly
Registering precompiled unity dll's ...
Register platform support module: C:/Program Files/Unity/Hub/Editor/2021.3.3f1/Editor/Data/PlaybackEngines/WebGLSupport/UnityEditor.WebGL.Extensions.dll
Register platform support module: C:/Program Files/Unity/Hub/Editor/2021.3.3f1/Editor/Data/PlaybackEngines/WindowsStandaloneSupport/UnityEditor.WindowsStandalone.Extensions.dll
Registered in 0.007311 seconds.
Native extension for WindowsStandalone target not found
Native extension for WebGL target not found
Refreshing native plugins compatible for Editor in 136.73 ms, found 4 plugins.
Preloading 0 native plugins for Editor in 0.00 ms.
Mono: successfully reloaded assembly
- Completed reload, in  0.679 seconds
Domain Reload Profiling:
	ReloadAssembly (680ms)
		BeginReloadAssembly (75ms)
			ExecutionOrderSort (0ms)
			DisableScriptedObjects (0ms)
			BackupInstance (0ms)
			ReleaseScriptingObjects (0ms)
			CreateAndSetChildDomain (1ms)
		EndReloadAssembly (497ms)
			LoadAssemblies (73ms)
			RebuildTransferFunctionScriptingTraits (0ms)
			SetupTypeCache (99ms)
			ReleaseScriptCaches (0ms)
			RebuildScriptCaches (25ms)
			SetupLoadedEditorAssemblies (325ms)
				LogAssemblyErrors (0ms)
				InitializePlatformSupportModulesInManaged (8ms)
				SetLoadedEditorAssemblies (0ms)
				RefreshPlugins (137ms)
				BeforeProcessingInitializeOnLoad (1ms)
				ProcessInitializeOnLoadAttributes (135ms)
				ProcessInitializeOnLoadMethodAttributes (43ms)
				AfterProcessingInitializeOnLoad (0ms)
				EditorAssembliesLoaded (0ms)
			ExecutionOrderSort2 (0ms)
			AwakeInstancesAfterBackupRestoration (0ms)
Platform modules already initialized, skipping
Registering precompiled user dll's ...
Registered in 0.008127 seconds.
Begin MonoManager ReloadAssembly
Symbol file LoadedFromMemory doesn't match image C:\Users\hairb\OneDrive\Documents\Unity Projects\Smog City\Library\PackageCache\com.unity.visualscripting@1.7.6\Editor\VisualScripting.Core\Dependencies\YamlDotNet\Unity.VisualScripting.YamlDotNet.dll
Symbol file LoadedFromMemory doesn't match image C:\Users\hairb\OneDrive\Documents\Unity Projects\Smog City\Library\PackageCache\com.unity.visualscripting@1.7.6\Editor\VisualScripting.Core\Dependencies\DotNetZip\Unity.VisualScripting.IonicZip.dll
Native extension for WindowsStandalone target not found
Native extension for WebGL target not found
Refreshing native plugins compatible for Editor in 162.01 ms, found 4 plugins.
Preloading 0 native plugins for Editor in 0.00 ms.
Mono: successfully reloaded assembly
- Completed reload, in  1.651 seconds
Domain Reload Profiling:
	ReloadAssembly (1652ms)
		BeginReloadAssembly (160ms)
			ExecutionOrderSort (0ms)
			DisableScriptedObjects (9ms)
			BackupInstance (0ms)
			ReleaseScriptingObjects (0ms)
			CreateAndSetChildDomain (35ms)
		EndReloadAssembly (1335ms)
			LoadAssemblies (113ms)
			RebuildTransferFunctionScriptingTraits (0ms)
			SetupTypeCache (314ms)
			ReleaseScriptCaches (1ms)
			RebuildScriptCaches (85ms)
			SetupLoadedEditorAssemblies (771ms)
				LogAssemblyErrors (0ms)
				InitializePlatformSupportModulesInManaged (7ms)
				SetLoadedEditorAssemblies (0ms)
				RefreshPlugins (162ms)
				BeforeProcessingInitializeOnLoad (168ms)
				ProcessInitializeOnLoadAttributes (315ms)
				ProcessInitializeOnLoadMethodAttributes (111ms)
				AfterProcessingInitializeOnLoad (7ms)
				EditorAssembliesLoaded (0ms)
			ExecutionOrderSort2 (0ms)
			AwakeInstancesAfterBackupRestoration (6ms)
Platform modules already initialized, skipping
========================================================================
Worker process is ready to serve import requests
Launched and connected shader compiler UnityShaderCompiler.exe after 0.04 seconds
Refreshing native plugins compatible for Editor in 1.39 ms, found 4 plugins.
Preloading 0 native plugins for Editor in 0.00 ms.
Unloading 5843 Unused Serialized files (Serialized files now loaded: 0)
Unloading 71 unused Assets / (0.7 MB). Loaded Objects now: 6301.
Memory consumption went from 251.0 MB to 250.3 MB.
Total: 4.900300 ms (FindLiveObjects: 0.488500 ms CreateObjectMapping: 0.214600 ms MarkObjects: 3.816200 ms  DeleteObjects: 0.380300 ms)

AssetImportParameters requested are different than current active one (requested -> active):
  custom:video-decoder-ogg-theora: a1e56fd34408186e4bbccfd4996cb3dc -> 
  custom:container-muxer-webm: aa71ff27fc2769a1b78a27578f13a17b -> 
  custom:container-demuxer-webm: 4f35f7cbe854078d1ac9338744f61a02 -> 
  custom:video-encoder-webm-vp8: eb34c28f22e8b96e1ab97ce403110664 -> 
  custom:video-codec-MediaFoundation-h265: 746d11721c4dcdbdad8f713fa42b33f4 -> 
  custom:audio-encoder-webm-vorbis: bf7c407c2cedff20999df2af8eb42d56 -> 
  custom:framework-win-MediaFoundation: 216162199b28c13a410421893ffa2e32 -> 
  custom:container-demuxer-ogg: 62fdf1f143b41e24485cea50d1cbac27 -> 
  custom:video-decoder-webm-vp8: 9c59270c3fd7afecdb556c50c9e8de78 -> 
  custom:audio-decoder-ogg-vorbis: bf7c407c2cedff20999df2af8eb42d56 -> 
========================================================================
Received Import Request.
  Time since last request: 263596.305325 seconds.
  path: Assets/Prefabs/pollute.prefab
  artifactKey: Guid(d0eaac9625d6f894d86a2b6af94d5f63) Importer(815301076,1909f56bfc062723c751e8b465ee728b)
Start importing Assets/Prefabs/pollute.prefab using Guid(d0eaac9625d6f894d86a2b6af94d5f63) Importer(815301076,1909f56bfc062723c751e8b465ee728b)  -> (artifact id: '555d7ed6cdf1816c076d762f1e23e244') in 0.244962 seconds 
========================================================================
Received Import Request.
  Time since last request: 0.000047 seconds.
  path: Assets/Scenes/Opening.unity
  artifactKey: Guid(b0021fb08f8a1e44380bcd006dc14007) Importer(815301076,1909f56bfc062723c751e8b465ee728b)
Start importing Assets/Scenes/Opening.unity using Guid(b0021fb08f8a1e44380bcd006dc14007) Importer(815301076,1909f56bfc062723c751e8b465ee728b)  -> (artifact id: 'b8d62fd4caa32bdcd986d3f39e028342') in 0.009867 seconds 
========================================================================
Received Import Request.
  Time since last request: 0.000057 seconds.
  path: Assets/Prefabs/PollutionLarge.prefab
  artifactKey: Guid(91c8c200d0ac9f942a31da83aea44450) Importer(815301076,1909f56bfc062723c751e8b465ee728b)
Start importing Assets/Prefabs/PollutionLarge.prefab using Guid(91c8c200d0ac9f942a31da83aea44450) Importer(815301076,1909f56bfc062723c751e8b465ee728b)  -> (artifact id: '727e71424efa77601cb3ce7cd33a80f7') in 0.024570 seconds 
========================================================================
Received Import Request.
  Time since last request: 0.000033 seconds.
  path: Assets/Prefabs/playerSilhouette2.prefab
  artifactKey: Guid(d2b39f0ff8e40fe458ba137b18f134f2) Importer(815301076,1909f56bfc062723c751e8b465ee728b)
Start importing Assets/Prefabs/playerSilhouette2.prefab using Guid(d2b39f0ff8e40fe458ba137b18f134f2) Importer(815301076,1909f56bfc062723c751e8b465ee728b)  -> (artifact id: '2ebb7e7b95d5228b825a01f1dab80e53') in 0.019283 seconds 
========================================================================
Received Import Request.
  Time since last request: 0.000030 seconds.
  path: Assets/Prefabs/streetlamp.prefab
  artifactKey: Guid(ce402c4d7cd1b7b4e8fe51f586fb9526) Importer(815301076,1909f56bfc062723c751e8b465ee728b)
Start importing Assets/Prefabs/streetlamp.prefab using Guid(ce402c4d7cd1b7b4e8fe51f586fb9526) Importer(815301076,1909f56bfc062723c751e8b465ee728b)  -> (artifact id: '448e18839c471557c50bc820b3326afd') in 0.023812 seconds 
========================================================================
Received Import Request.
  Time since last request: 0.000034 seconds.
  path: Assets/Prefabs/Player.prefab
  artifactKey: Guid(80a1ea4230f2ef6409beb5e715a74c94) Importer(815301076,1909f56bfc062723c751e8b465ee728b)
Start importing Assets/Prefabs/Player.prefab using Guid(80a1ea4230f2ef6409beb5e715a74c94) Importer(815301076,1909f56bfc062723c751e8b465ee728b)  -> (artifact id: '45548920159907495111614035c78f83') in 0.138593 seconds 
========================================================================
Received Prepare
Registering precompiled user dll's ...
Registered in 0.008627 seconds.
Begin MonoManager ReloadAssembly
Symbol file LoadedFromMemory doesn't match image C:\Users\hairb\OneDrive\Documents\Unity Projects\Smog City\Library\PackageCache\com.unity.visualscripting@1.7.6\Editor\VisualScripting.Core\Dependencies\YamlDotNet\Unity.VisualScripting.YamlDotNet.dll
Symbol file LoadedFromMemory doesn't match image C:\Users\hairb\OneDrive\Documents\Unity Projects\Smog City\Library\PackageCache\com.unity.visualscripting@1.7.6\Editor\VisualScripting.Core\Dependencies\DotNetZip\Unity.VisualScripting.IonicZip.dll
Native extension for WindowsStandalone target not found
Native extension for WebGL target not found
Refreshing native plugins compatible for Editor in 1.24 ms, found 4 plugins.
Preloading 0 native plugins for Editor in 0.00 ms.
Mono: successfully reloaded assembly
- Completed reload, in  1.250 seconds
Domain Reload Profiling:
	ReloadAssembly (1250ms)
		BeginReloadAssembly (139ms)
			ExecutionOrderSort (0ms)
			DisableScriptedObjects (7ms)
			BackupInstance (0ms)
			ReleaseScriptingObjects (0ms)
			CreateAndSetChildDomain (45ms)
		EndReloadAssembly (1003ms)
			LoadAssemblies (94ms)
			RebuildTransferFunctionScriptingTraits (0ms)
			SetupTypeCache (273ms)
			ReleaseScriptCaches (2ms)
			RebuildScriptCaches (53ms)
			SetupLoadedEditorAssemblies (502ms)
				LogAssemblyErrors (0ms)
				InitializePlatformSupportModulesInManaged (13ms)
				SetLoadedEditorAssemblies (0ms)
				RefreshPlugins (1ms)
				BeforeProcessingInitializeOnLoad (116ms)
				ProcessInitializeOnLoadAttributes (268ms)
				ProcessInitializeOnLoadMethodAttributes (94ms)
				AfterProcessingInitializeOnLoad (9ms)
				EditorAssembliesLoaded (0ms)
			ExecutionOrderSort2 (0ms)
			AwakeInstancesAfterBackupRestoration (14ms)
Platform modules already initialized, skipping
Refreshing native plugins compatible for Editor in 4.40 ms, found 4 plugins.
Preloading 0 native plugins for Editor in 0.00 ms.
Unloading 5685 Unused Serialized files (Serialized files now loaded: 0)
Unloading 47 unused Assets / (0.7 MB). Loaded Objects now: 6367.
Memory consumption went from 246.0 MB to 245.2 MB.
Total: 4.551200 ms (FindLiveObjects: 0.425500 ms CreateObjectMapping: 0.218700 ms MarkObjects: 3.546900 ms  DeleteObjects: 0.358900 ms)

AssetImportParameters requested are different than current active one (requested -> active):
  custom:video-decoder-ogg-theora: a1e56fd34408186e4bbccfd4996cb3dc -> 
  custom:container-muxer-webm: aa71ff27fc2769a1b78a27578f13a17b -> 
  custom:container-demuxer-webm: 4f35f7cbe854078d1ac9338744f61a02 -> 
  custom:video-encoder-webm-vp8: eb34c28f22e8b96e1ab97ce403110664 -> 
  custom:video-codec-MediaFoundation-h265: 746d11721c4dcdbdad8f713fa42b33f4 -> 
  custom:audio-encoder-webm-vorbis: bf7c407c2cedff20999df2af8eb42d56 -> 
  custom:framework-win-MediaFoundation: 216162199b28c13a410421893ffa2e32 -> 
  custom:container-demuxer-ogg: 62fdf1f143b41e24485cea50d1cbac27 -> 
  custom:video-decoder-webm-vp8: 9c59270c3fd7afecdb556c50c9e8de78 -> 
  custom:audio-decoder-ogg-vorbis: bf7c407c2cedff20999df2af8eb42d56 -> 
========================================================================
Received Import Request.
  Time since last request: 135.445808 seconds.
  path: Assets/Sprites/backdrop.png
  artifactKey: Guid(fde3a6d5cc3ed3b4f9067f0171906a00) Importer(815301076,1909f56bfc062723c751e8b465ee728b)
Start importing Assets/Sprites/backdrop.png using Guid(fde3a6d5cc3ed3b4f9067f0171906a00) Importer(815301076,1909f56bfc062723c751e8b465ee728b)  -> (artifact id: '2fd0cbee0f3fcf4d32e9185809a29d38') in 0.112632 seconds 
========================================================================
Received Import Request.
  Time since last request: 0.000025 seconds.
  path: Assets/Sprites/backdrop4.png
  artifactKey: Guid(d26d28be58defbf4c82eb61ea21068be) Importer(815301076,1909f56bfc062723c751e8b465ee728b)
Start importing Assets/Sprites/backdrop4.png using Guid(d26d28be58defbf4c82eb61ea21068be) Importer(815301076,1909f56bfc062723c751e8b465ee728b)  -> (artifact id: '379a8ec199a13e0940242961dd2ed29e') in 0.026269 seconds 
========================================================================
Received Import Request.
  Time since last request: 0.000043 seconds.
  path: Assets/Sprites/backdrop3.png
  artifactKey: Guid(728f33ccf5520fb488c3575b8a5f2570) Importer(815301076,1909f56bfc062723c751e8b465ee728b)
Start importing Assets/Sprites/backdrop3.png using Guid(728f33ccf5520fb488c3575b8a5f2570) Importer(815301076,1909f56bfc062723c751e8b465ee728b)  -> (artifact id: '95225d9d393d03d49d03b2a86a997475') in 0.021079 seconds 
========================================================================
Received Import Request.
  Time since last request: 0.000052 seconds.
  path: Assets/Sprites/gcaveplatform.png
  artifactKey: Guid(8fda40b5ab99018489aa399872e8fd9b) Importer(815301076,1909f56bfc062723c751e8b465ee728b)
Start importing Assets/Sprites/gcaveplatform.png using Guid(8fda40b5ab99018489aa399872e8fd9b) Importer(815301076,1909f56bfc062723c751e8b465ee728b)  -> (artifact id: 'b681007b3a7b6ce2499b302384a6997a') in 0.072721 seconds 
========================================================================
Received Import Request.
  Time since last request: 0.000023 seconds.
  path: Assets/Sprites/npc2.png
  artifactKey: Guid(56875816d2c43b94789bf96c228a91d2) Importer(815301076,1909f56bfc062723c751e8b465ee728b)
Start importing Assets/Sprites/npc2.png using Guid(56875816d2c43b94789bf96c228a91d2) Importer(815301076,1909f56bfc062723c751e8b465ee728b)  -> (artifact id: '5ee4320cec60dc618a8f5cc25608e7c2') in 0.021210 seconds 
========================================================================
Received Import Request.
  Time since last request: 0.000030 seconds.
  path: Assets/Sprites/gcavebackdropback.png
  artifactKey: Guid(29c85de7a4575394da85d43e8ee7bbba) Importer(815301076,1909f56bfc062723c751e8b465ee728b)
Start importing Assets/Sprites/gcavebackdropback.png using Guid(29c85de7a4575394da85d43e8ee7bbba) Importer(815301076,1909f56bfc062723c751e8b465ee728b)  -> (artifact id: 'accd8aa7308c0605df03605bd65b7c7d') in 0.029481 seconds 
========================================================================
Received Import Request.
  Time since last request: 0.000031 seconds.
  path: Assets/Sprites/bignpc2.png
  artifactKey: Guid(2704cf8bd449d4043b60295ce7806f84) Importer(815301076,1909f56bfc062723c751e8b465ee728b)
Start importing Assets/Sprites/bignpc2.png using Guid(2704cf8bd449d4043b60295ce7806f84) Importer(815301076,1909f56bfc062723c751e8b465ee728b)  -> (artifact id: '0dc3b363ec5c38570dbb9f84bcc93a7e') in 0.020568 seconds 
========================================================================
Received Import Request.
  Time since last request: 0.000031 seconds.
  path: Assets/Sprites/leftrightbutton1.png
  artifactKey: Guid(ab9ed583d85fc594bb7a052372570ff0) Importer(815301076,1909f56bfc062723c751e8b465ee728b)
Start importing Assets/Sprites/leftrightbutton1.png using Guid(ab9ed583d85fc594bb7a052372570ff0) Importer(815301076,1909f56bfc062723c751e8b465ee728b)  -> (artifact id: 'd30053e45ef6bcca808df625b3abaefb') in 0.029867 seconds 
========================================================================
Received Import Request.
  Time since last request: 0.000038 seconds.
  path: Assets/Sprites/npc1.png
  artifactKey: Guid(cbafba92e8e900546b185b4fd8a923fd) Importer(815301076,1909f56bfc062723c751e8b465ee728b)
Start importing Assets/Sprites/npc1.png using Guid(cbafba92e8e900546b185b4fd8a923fd) Importer(815301076,1909f56bfc062723c751e8b465ee728b)  -> (artifact id: '4e34da81192b41b7367105fd833bb17c') in 0.023662 seconds 
========================================================================
Received Import Request.
  Time since last request: 0.000032 seconds.
  path: Assets/Sprites/npc3.png
  artifactKey: Guid(37620ae837ee68541aa46ba87616299f) Importer(815301076,1909f56bfc062723c751e8b465ee728b)
Start importing Assets/Sprites/npc3.png using Guid(37620ae837ee68541aa46ba87616299f) Importer(815301076,1909f56bfc062723c751e8b465ee728b)  -> (artifact id: '3bd3a2ba5e9dd8f26a093753914a3ac1') in 0.021421 seconds 
========================================================================
Received Import Request.
  Time since last request: 0.000030 seconds.
  path: Assets/Sprites/fallableplatform.png
  artifactKey: Guid(382c062c3411443459d390865492f79a) Importer(815301076,1909f56bfc062723c751e8b465ee728b)
Start importing Assets/Sprites/fallableplatform.png using Guid(382c062c3411443459d390865492f79a) Importer(815301076,1909f56bfc062723c751e8b465ee728b)  -> (artifact id: '5a57412bddb2a049035bb1c9a5480917') in 0.018345 seconds 
========================================================================
Received Import Request.
  Time since last request: 0.000029 seconds.
  path: Assets/Sprites/batteryimage.png
  artifactKey: Guid(2ce363147369ad34eaa11ef320f1d46b) Importer(815301076,1909f56bfc062723c751e8b465ee728b)
Start importing Assets/Sprites/batteryimage.png using Guid(2ce363147369ad34eaa11ef320f1d46b) Importer(815301076,1909f56bfc062723c751e8b465ee728b)  -> (artifact id: '4d15beceb5cbece48d62278ed5ec1519') in 0.021074 seconds 
========================================================================
Received Import Request.
  Time since last request: 0.000031 seconds.
  path: Assets/Sprites/backdrop5.png
  artifactKey: Guid(51ff3d0f331fae344aa1fc7b49566715) Importer(815301076,1909f56bfc062723c751e8b465ee728b)
Start importing Assets/Sprites/backdrop5.png using Guid(51ff3d0f331fae344aa1fc7b49566715) Importer(815301076,1909f56bfc062723c751e8b465ee728b)  -> (artifact id: '61cfa4e42c34aad5a8afc5f31d4a7c51') in 0.033137 seconds 
========================================================================
Received Import Request.
  Time since last request: 0.000025 seconds.
  path: Assets/Sprites/deathParticle.png
  artifactKey: Guid(8459850c660ab9944a579d9df3f6b530) Importer(815301076,1909f56bfc062723c751e8b465ee728b)
Start importing Assets/Sprites/deathParticle.png using Guid(8459850c660ab9944a579d9df3f6b530) Importer(815301076,1909f56bfc062723c751e8b465ee728b)  -> (artifact id: 'a6df8bdb2dfc5df23a2746b7309cb25d') in 0.023985 seconds 
========================================================================
Received Import Request.
  Time since last request: 0.000028 seconds.
  path: Assets/Sprites/checkpointbutton.png
  artifactKey: Guid(1580b8b816cd4c84d8483a3fb0b5819b) Importer(815301076,1909f56bfc062723c751e8b465ee728b)
Start importing Assets/Sprites/checkpointbutton.png using Guid(1580b8b816cd4c84d8483a3fb0b5819b) Importer(815301076,1909f56bfc062723c751e8b465ee728b)  -> (artifact id: 'ea9a7df7703c32aec83344292420b5d8') in 0.023509 seconds 
========================================================================
Received Import Request.
  Time since last request: 0.000043 seconds.
  path: Assets/Sprites/cavebackdropfront.png
  artifactKey: Guid(ee9d549cea9a36d4e8fed4b46d74a313) Importer(815301076,1909f56bfc062723c751e8b465ee728b)
Start importing Assets/Sprites/cavebackdropfront.png using Guid(ee9d549cea9a36d4e8fed4b46d74a313) Importer(815301076,1909f56bfc062723c751e8b465ee728b)  -> (artifact id: 'ac549ef47bb1873eebb22a80d8fd2d74') in 0.028366 seconds 
========================================================================
Received Import Request.
  Time since last request: 0.000028 seconds.
  path: Assets/Sprites/Cbutton1.png
  artifactKey: Guid(529e69ebc2845dc4da6ef16b7197cf3e) Importer(815301076,1909f56bfc062723c751e8b465ee728b)
Start importing Assets/Sprites/Cbutton1.png using Guid(529e69ebc2845dc4da6ef16b7197cf3e) Importer(815301076,1909f56bfc062723c751e8b465ee728b)  -> (artifact id: 'a3ac34188fa3dbe991d4b3bd00570c30') in 0.021668 seconds 
========================================================================
Received Import Request.
  Time since last request: 0.000026 seconds.
  path: Assets/Sprites/enemy1.png
  artifactKey: Guid(952200a053bcdd040ba26a1af7f16b49) Importer(815301076,1909f56bfc062723c751e8b465ee728b)
Start importing Assets/Sprites/enemy1.png using Guid(952200a053bcdd040ba26a1af7f16b49) Importer(815301076,1909f56bfc062723c751e8b465ee728b)  -> (artifact id: '592ac8a34124efc61092883663495ebf') in 0.021701 seconds 
========================================================================
Received Import Request.
  Time since last request: 0.000029 seconds.
  path: Assets/Sprites/bignpc4.png
  artifactKey: Guid(9c9e6f257e0866344a3f8fe011f12558) Importer(815301076,1909f56bfc062723c751e8b465ee728b)
Start importing Assets/Sprites/bignpc4.png using Guid(9c9e6f257e0866344a3f8fe011f12558) Importer(815301076,1909f56bfc062723c751e8b465ee728b)  -> (artifact id: '1d1e2bf5f4caf2f50640ad9f344f00b9') in 0.022354 seconds 
========================================================================
Received Import Request.
  Time since last request: 0.000027 seconds.
  path: Assets/Sprites/gcavebackdropfront.png
  artifactKey: Guid(d57bb77e5d2fe7a4bbc42a9c64d56621) Importer(815301076,1909f56bfc062723c751e8b465ee728b)
Start importing Assets/Sprites/gcavebackdropfront.png using Guid(d57bb77e5d2fe7a4bbc42a9c64d56621) Importer(815301076,1909f56bfc062723c751e8b465ee728b)  -> (artifact id: '701d6ab44552eaca691243aeaefc9e03') in 0.031889 seconds 
========================================================================
Received Import Request.
  Time since last request: 0.000028 seconds.
  path: Assets/Sprites/dialogue.png
  artifactKey: Guid(2014e03f812d52a46899e363f16a9ca0) Importer(815301076,1909f56bfc062723c751e8b465ee728b)
Start importing Assets/Sprites/dialogue.png using Guid(2014e03f812d52a46899e363f16a9ca0) Importer(815301076,1909f56bfc062723c751e8b465ee728b)  -> (artifact id: 'bf5b785a09e7ce104e8e6ee385bbe29e') in 0.024517 seconds 
========================================================================
Received Import Request.
  Time since last request: 0.000038 seconds.
  path: Assets/Sprites/platforms-Sheet.png
  artifactKey: Guid(80a41310d1016544db163c335f84aa02) Importer(815301076,1909f56bfc062723c751e8b465ee728b)
Start importing Assets/Sprites/platforms-Sheet.png using Guid(80a41310d1016544db163c335f84aa02) Importer(815301076,1909f56bfc062723c751e8b465ee728b)  -> (artifact id: 'cc76ab8a60c9b96b6785f3abce7bb642') in 0.095212 seconds 
========================================================================
Received Import Request.
  Time since last request: 0.738781 seconds.
  path: Assets/Scripts/BatteryCollect.cs
  artifactKey: Guid(75d2c8f318fdc124d8c9694f5f6660ac) Importer(815301076,1909f56bfc062723c751e8b465ee728b)
Start importing Assets/Scripts/BatteryCollect.cs using Guid(75d2c8f318fdc124d8c9694f5f6660ac) Importer(815301076,1909f56bfc062723c751e8b465ee728b)  -> (artifact id: 'a19893df9e8e63e5256c5b3526bd38a9') in 0.010525 seconds 
Editor requested this worker to shutdown with reason: Scaling down because of idle timeout
AssetImportWorker is now disconnected from the server
Process exiting
Exiting without the bug reporter. Application will terminate with return code 0